# JRE version: Java(TM) SE Runtime Environment (17.0.14+8) (build 17.0.14+8-LTS-191)
# Java VM: Java HotSpot(TM) 64-Bit Server VM (17.0.14+8-LTS-191, mixed mode, sharing, tiered, compressed oops, compressed class ptrs, g1 gc, windows-amd64)
GC Precious Log:
 CPUs: 4 total, 4 available
 Memory: 3498M
 Large Page Support: Disabled
 NUMA Support: Disabled
 Compressed Oops: Enabled (Zero based)
 Heap Region Size: 4M
 Heap Min Capacity: 8M
 Heap Initial Capacity: 56M
 Heap Max Capacity: 8G
 Pre-touch: Disabled
 Parallel Workers: 4
 Concurrent Workers: 1
 Concurrent Refinement Workers: 4
 Periodic GC: Disabled
Heap:
 garbage-first heap   total 1347584K, used 224230K [0x0000000600000000, 0x0000000800000000)
  region size 4096K, 2 young (8192K), 2 survivors (8192K)
 Metaspace       used 157656K, committed 158656K, reserved 1245184K
  class space    used 19749K, committed 20224K, reserved 1048576K
GC Heap History (20 events):
Event: 341.711 GC heap after
{Heap after GC invocations=88 (full 0):
 garbage-first heap   total 1200128K, used 172130K [0x0000000600000000, 0x0000000800000000)
  region size 4096K, 5 young (20480K), 5 survivors (20480K)
 Metaspace       used 143771K, committed 144640K, reserved 1179648K
  class space    used 18347K, committed 18752K, reserved 1048576K
}
Event: 346.511 GC heap before
{Heap before GC invocations=89 (full 0):
 garbage-first heap   total 1347584K, used 958562K [0x0000000600000000, 0x0000000800000000)
  region size 4096K, 197 young (806912K), 5 survivors (20480K)
 Metaspace       used 144647K, committed 145472K, reserved 1179648K
  class space    used 18444K, committed 18816K, reserved 1048576K
}
Event: 346.539 GC heap after
{Heap after GC invocations=90 (full 0):
 garbage-first heap   total 1347584K, used 172831K [0x0000000600000000, 0x0000000800000000)
  region size 4096K, 5 young (20480K), 5 survivors (20480K)
 Metaspace       used 144647K, committed 145472K, reserved 1179648K
  class space    used 18444K, committed 18816K, reserved 1048576K
}
Event: 348.869 GC heap before
{Heap before GC invocations=90 (full 0):
 garbage-first heap   total 1347584K, used 213791K [0x0000000600000000, 0x0000000800000000)
  region size 4096K, 16 young (65536K), 5 survivors (20480K)
 Metaspace       used 145169K, committed 145984K, reserved 1179648K
  class space    used 18479K, committed 18816K, reserved 1048576K
}
Event: 349.046 GC heap after
{Heap after GC invocations=91 (full 0):
 garbage-first heap   total 1347584K, used 172765K [0x0000000600000000, 0x0000000800000000)
  region size 4096K, 1 young (4096K), 1 survivors (4096K)
 Metaspace       used 145169K, committed 145984K, reserved 1179648K
  class space    used 18479K, committed 18816K, reserved 1048576K
}
Event: 352.169 GC heap before
{Heap before GC invocations=91 (full 0):
 garbage-first heap   total 1347584K, used 975581K [0x0000000600000000, 0x0000000800000000)
  region size 4096K, 197 young (806912K), 1 survivors (4096K)
 Metaspace       used 145410K, committed 146240K, reserved 1179648K
  class space    used 18486K, committed 18880K, reserved 1048576K
}
Event: 352.174 GC heap after
{Heap after GC invocations=92 (full 0):
 garbage-first heap   total 1347584K, used 172497K [0x0000000600000000, 0x0000000800000000)
  region size 4096K, 1 young (4096K), 1 survivors (4096K)
 Metaspace       used 145410K, committed 146240K, reserved 1179648K
  class space    used 18486K, committed 18880K, reserved 1048576K
}
Event: 354.927 GC heap before
{Heap before GC invocations=92 (full 0):
 garbage-first heap   total 1347584K, used 975313K [0x0000000600000000, 0x0000000800000000)
  region size 4096K, 197 young (806912K), 1 survivors (4096K)
 Metaspace       used 145410K, committed 146240K, reserved 1179648K
  class space    used 18486K, committed 18880K, reserved 1048576K
}
Event: 354.935 GC heap after
{Heap after GC invocations=93 (full 0):
 garbage-first heap   total 1347584K, used 174907K [0x0000000600000000, 0x0000000800000000)
  region size 4096K, 2 young (8192K), 2 survivors (8192K)
 Metaspace       used 145410K, committed 146240K, reserved 1179648K
  class space    used 18486K, committed 18880K, reserved 1048576K
}
Event: 451.342 GC heap before
{Heap before GC invocations=93 (full 0):
 garbage-first heap   total 1347584K, used 977723K [0x0000000600000000, 0x0000000800000000)
  region size 4096K, 197 young (806912K), 2 survivors (8192K)
 Metaspace       used 157011K, committed 158080K, reserved 1245184K
  class space    used 19720K, committed 20224K, reserved 1048576K
}
Event: 453.386 GC heap after
{Heap after GC invocations=94 (full 0):
 garbage-first heap   total 1347584K, used 216531K [0x0000000600000000, 0x0000000800000000)
  region size 4096K, 12 young (49152K), 12 survivors (49152K)
 Metaspace       used 157011K, committed 158080K, reserved 1245184K
  class space    used 19720K, committed 20224K, reserved 1048576K
}
Event: 453.627 GC heap before
{Heap before GC invocations=94 (full 0):
 garbage-first heap   total 1347584K, used 228819K [0x0000000600000000, 0x0000000800000000)
  region size 4096K, 16 young (65536K), 12 survivors (49152K)
 Metaspace       used 157150K, committed 158208K, reserved 1245184K
  class space    used 19730K, committed 20224K, reserved 1048576K
}
Event: 490.256 GC heap after
{Heap after GC invocations=95 (full 0):
 garbage-first heap   total 1347584K, used 221692K [0x0000000600000000, 0x0000000800000000)
  region size 4096K, 2 young (8192K), 2 survivors (8192K)
 Metaspace       used 157150K, committed 158208K, reserved 1245184K
  class space    used 19730K, committed 20224K, reserved 1048576K
}
Event: 510.203 GC heap before
{Heap before GC invocations=95 (full 0):
 garbage-first heap   total 1347584K, used 279036K [0x0000000600000000, 0x0000000800000000)
  region size 4096K, 16 young (65536K), 2 survivors (8192K)
 Metaspace       used 157536K, committed 158528K, reserved 1245184K
  class space    used 19749K, committed 20224K, reserved 1048576K
}
Event: 510.221 GC heap after
{Heap after GC invocations=96 (full 0):
 garbage-first heap   total 1347584K, used 217621K [0x0000000600000000, 0x0000000800000000)
  region size 4096K, 1 young (4096K), 1 survivors (4096K)
 Metaspace       used 157536K, committed 158528K, reserved 1245184K
  class space    used 19749K, committed 20224K, reserved 1048576K
}
Event: 510.926 GC heap before
{Heap before GC invocations=96 (full 0):
 garbage-first heap   total 1347584K, used 274965K [0x0000000600000000, 0x0000000800000000)
  region size 4096K, 16 young (65536K), 1 survivors (4096K)
 Metaspace       used 157614K, committed 158656K, reserved 1245184K
  class space    used 19749K, committed 20224K, reserved 1048576K
}
Event: 510.931 GC heap after
{Heap after GC invocations=97 (full 0):
 garbage-first heap   total 1347584K, used 218062K [0x0000000600000000, 0x0000000800000000)
  region size 4096K, 1 young (4096K), 1 survivors (4096K)
 Metaspace       used 157614K, committed 158656K, reserved 1245184K
  class space    used 19749K, committed 20224K, reserved 1048576K
}
Event: 511.009 GC heap before
{Heap before GC invocations=97 (full 0):
 garbage-first heap   total 1347584K, used 275406K [0x0000000600000000, 0x0000000800000000)
  region size 4096K, 16 young (65536K), 1 survivors (4096K)
 Metaspace       used 157649K, committed 158656K, reserved 1245184K
  class space    used 19749K, committed 20224K, reserved 1048576K
}
Event: 511.098 GC heap after
{Heap after GC invocations=98 (full 0):
 garbage-first heap   total 1347584K, used 220280K [0x0000000600000000, 0x0000000800000000)
  region size 4096K, 2 young (8192K), 2 survivors (8192K)
 Metaspace       used 157649K, committed 158656K, reserved 1245184K
  class space    used 19749K, committed 20224K, reserved 1048576K
}
Event: 511.387 GC heap before
{Heap before GC invocations=98 (full 0):
 garbage-first heap   total 1347584K, used 277624K [0x0000000600000000, 0x0000000800000000)
  region size 4096K, 16 young (65536K), 2 survivors (8192K)
 Metaspace       used 157656K, committed 158656K, reserved 1245184K
  class space    used 19749K, committed 20224K, reserved 1048576K
}

