# JRE version: Java(TM) SE Runtime Environment (17.0.14+8) (build 17.0.14+8-LTS-191)
# Java VM: Java HotSpot(TM) 64-Bit Server VM (17.0.14+8-LTS-191, mixed mode, sharing, tiered, compressed oops, compressed class ptrs, g1 gc, windows-amd64)
GC Precious Log:
 CPUs: 4 total, 4 available
 Memory: 3498M
 Large Page Support: Disabled
 NUMA Support: Disabled
 Compressed Oops: Enabled (Zero based)
 Heap Region Size: 4M
 Heap Min Capacity: 8M
 Heap Initial Capacity: 56M
 Heap Max Capacity: 8G
 Pre-touch: Disabled
 Parallel Workers: 4
 Concurrent Workers: 1
 Concurrent Refinement Workers: 4
 Periodic GC: Disabled
Heap:
 garbage-first heap   total 1331200K, used 218481K [0x0000000600000000, 0x0000000800000000)
  region size 4096K, 1 young (4096K), 1 survivors (4096K)
 Metaspace       used 156381K, committed 157376K, reserved 1245184K
  class space    used 19850K, committed 20288K, reserved 1048576K
GC Heap History (20 events):
Event: 100.500 GC heap after
{Heap after GC invocations=93 (full 0):
 garbage-first heap   total 675840K, used 195575K [0x0000000600000000, 0x0000000800000000)
  region size 4096K, 6 young (24576K), 6 survivors (24576K)
 Metaspace       used 140336K, committed 141248K, reserved 1179648K
  class space    used 18064K, committed 18496K, reserved 1048576K
}
Event: 102.002 GC heap before
{Heap before GC invocations=93 (full 0):
 garbage-first heap   total 675840K, used 572407K [0x0000000600000000, 0x0000000800000000)
  region size 4096K, 99 young (405504K), 6 survivors (24576K)
 Metaspace       used 140358K, committed 141248K, reserved 1179648K
  class space    used 18064K, committed 18496K, reserved 1048576K
}
Event: 102.046 GC heap after
{Heap after GC invocations=94 (full 0):
 garbage-first heap   total 1331200K, used 189758K [0x0000000600000000, 0x0000000800000000)
  region size 4096K, 5 young (20480K), 5 survivors (20480K)
 Metaspace       used 140358K, committed 141248K, reserved 1179648K
  class space    used 18064K, committed 18496K, reserved 1048576K
}
Event: 110.440 GC heap before
{Heap before GC invocations=94 (full 0):
 garbage-first heap   total 1331200K, used 967998K [0x0000000600000000, 0x0000000800000000)
  region size 4096K, 195 young (798720K), 5 survivors (20480K)
 Metaspace       used 140391K, committed 141312K, reserved 1179648K
  class space    used 18067K, committed 18496K, reserved 1048576K
}
Event: 110.545 GC heap after
{Heap after GC invocations=95 (full 0):
 garbage-first heap   total 1331200K, used 187416K [0x0000000600000000, 0x0000000800000000)
  region size 4096K, 4 young (16384K), 4 survivors (16384K)
 Metaspace       used 140391K, committed 141312K, reserved 1179648K
  class space    used 18067K, committed 18496K, reserved 1048576K
}
Event: 140.795 GC heap before
{Heap before GC invocations=95 (full 0):
 garbage-first heap   total 1331200K, used 969752K [0x0000000600000000, 0x0000000800000000)
  region size 4096K, 195 young (798720K), 4 survivors (16384K)
 Metaspace       used 140440K, committed 141312K, reserved 1179648K
  class space    used 18072K, committed 18496K, reserved 1048576K
}
Event: 140.994 GC heap after
{Heap after GC invocations=96 (full 0):
 garbage-first heap   total 1331200K, used 191359K [0x0000000600000000, 0x0000000800000000)
  region size 4096K, 7 young (28672K), 7 survivors (28672K)
 Metaspace       used 140440K, committed 141312K, reserved 1179648K
  class space    used 18072K, committed 18496K, reserved 1048576K
}
Event: 870.684 GC heap before
{Heap before GC invocations=96 (full 0):
 garbage-first heap   total 1331200K, used 961407K [0x0000000600000000, 0x0000000800000000)
  region size 4096K, 195 young (798720K), 7 survivors (28672K)
 Metaspace       used 156315K, committed 157248K, reserved 1245184K
  class space    used 19846K, committed 20288K, reserved 1048576K
}
Event: 893.318 GC heap after
{Heap after GC invocations=97 (full 0):
 garbage-first heap   total 1331200K, used 207477K [0x0000000600000000, 0x0000000800000000)
  region size 4096K, 11 young (45056K), 11 survivors (45056K)
 Metaspace       used 156315K, committed 157248K, reserved 1245184K
  class space    used 19846K, committed 20288K, reserved 1048576K
}
Event: 898.635 GC heap before
{Heap before GC invocations=97 (full 0):
 garbage-first heap   total 1331200K, used 223861K [0x0000000600000000, 0x0000000800000000)
  region size 4096K, 16 young (65536K), 11 survivors (45056K)
 Metaspace       used 156319K, committed 157248K, reserved 1245184K
  class space    used 19847K, committed 20288K, reserved 1048576K
}
Event: 916.084 GC heap after
{Heap after GC invocations=98 (full 0):
 garbage-first heap   total 1331200K, used 211786K [0x0000000600000000, 0x0000000800000000)
  region size 4096K, 2 young (8192K), 2 survivors (8192K)
 Metaspace       used 156319K, committed 157248K, reserved 1245184K
  class space    used 19847K, committed 20288K, reserved 1048576K
}
Event: 923.658 GC heap before
{Heap before GC invocations=98 (full 0):
 garbage-first heap   total 1331200K, used 269130K [0x0000000600000000, 0x0000000800000000)
  region size 4096K, 16 young (65536K), 2 survivors (8192K)
 Metaspace       used 156322K, committed 157248K, reserved 1245184K
  class space    used 19848K, committed 20288K, reserved 1048576K
}
Event: 923.679 GC heap after
{Heap after GC invocations=99 (full 0):
 garbage-first heap   total 1331200K, used 209265K [0x0000000600000000, 0x0000000800000000)
  region size 4096K, 1 young (4096K), 1 survivors (4096K)
 Metaspace       used 156322K, committed 157248K, reserved 1245184K
  class space    used 19848K, committed 20288K, reserved 1048576K
}
Event: 925.559 GC heap before
{Heap before GC invocations=99 (full 0):
 garbage-first heap   total 1331200K, used 270705K [0x0000000600000000, 0x0000000800000000)
  region size 4096K, 16 young (65536K), 1 survivors (4096K)
 Metaspace       used 156332K, committed 157248K, reserved 1245184K
  class space    used 19848K, committed 20288K, reserved 1048576K
}
Event: 925.574 GC heap after
{Heap after GC invocations=100 (full 0):
 garbage-first heap   total 1331200K, used 209912K [0x0000000600000000, 0x0000000800000000)
  region size 4096K, 1 young (4096K), 1 survivors (4096K)
 Metaspace       used 156332K, committed 157248K, reserved 1245184K
  class space    used 19848K, committed 20288K, reserved 1048576K
}
Event: 949.528 GC heap before
{Heap before GC invocations=100 (full 0):
 garbage-first heap   total 1331200K, used 267256K [0x0000000600000000, 0x0000000800000000)
  region size 4096K, 16 young (65536K), 1 survivors (4096K)
 Metaspace       used 156369K, committed 157312K, reserved 1245184K
  class space    used 19850K, committed 20288K, reserved 1048576K
}
Event: 949.550 GC heap after
{Heap after GC invocations=101 (full 0):
 garbage-first heap   total 1331200K, used 211764K [0x0000000600000000, 0x0000000800000000)
  region size 4096K, 2 young (8192K), 2 survivors (8192K)
 Metaspace       used 156369K, committed 157312K, reserved 1245184K
  class space    used 19850K, committed 20288K, reserved 1048576K
}
Event: 951.606 GC heap before
{Heap before GC invocations=101 (full 0):
 garbage-first heap   total 1331200K, used 269108K [0x0000000600000000, 0x0000000800000000)
  region size 4096K, 16 young (65536K), 2 survivors (8192K)
 Metaspace       used 156372K, committed 157312K, reserved 1245184K
  class space    used 19850K, committed 20288K, reserved 1048576K
}
Event: 951.778 GC heap after
{Heap after GC invocations=102 (full 0):
 garbage-first heap   total 1331200K, used 216006K [0x0000000600000000, 0x0000000800000000)
  region size 4096K, 2 young (8192K), 2 survivors (8192K)
 Metaspace       used 156372K, committed 157312K, reserved 1245184K
  class space    used 19850K, committed 20288K, reserved 1048576K
}
Event: 953.017 GC heap before
{Heap before GC invocations=102 (full 0):
 garbage-first heap   total 1331200K, used 273350K [0x0000000600000000, 0x0000000800000000)
  region size 4096K, 16 young (65536K), 2 survivors (8192K)
 Metaspace       used 156381K, committed 157376K, reserved 1245184K
  class space    used 19850K, committed 20288K, reserved 1048576K
}

